#
# There is insufficient memory for the Java Runtime Environment to continue.
# Native memory allocation (malloc) failed to allocate 1048576 bytes for AllocateHeap
# Possible reasons:
#   The system is out of physical RAM or swap space
#   The process is running with CompressedOops enabled, and the Java Heap may be blocking the growth of the native heap
# Possible solutions:
#   Reduce memory load on the system
#   Increase physical memory or swap space
#   Check if swap backing store is full
#   Decrease Java heap size (-Xmx/-Xms)
#   Decrease number of Java threads
#   Decrease Java thread stack sizes (-Xss)
#   Set larger code cache with -XX:ReservedCodeCacheSize=
#   JVM is running with Unscaled Compressed Oops mode in which the Java heap is
#     placed in the first 4GB address space. The Java Heap base address is the
#     maximum limit for the native heap growth. Please use -XX:HeapBaseMinAddress
#     to set the Java Heap base and to place the Java Heap above 4GB virtual address.
# This output file may be truncated or incomplete.
#
#  Out of Memory Error (memory/allocation.inline.hpp:61), pid=5956, tid=0x0000000000002248
#
# JRE version:  (8.0_221-b11) (build )
# Java VM: Java HotSpot(TM) 64-Bit Server VM (25.221-b11 mixed mode windows-amd64 compressed oops)
# Failed to write core dump. Minidumps are not enabled by default on client versions of Windows
#

---------------  T H R E A D  ---------------

Current thread (0x00000000027c2800):  JavaThread "Unknown thread" [_thread_in_vm, id=8776, stack(0x00000000026b0000,0x00000000027b0000)]

Stack: [0x00000000026b0000,0x00000000027b0000]
[error occurred during error reporting (printing stack bounds), id 0xc0000005]

Native frames: (J=compiled Java code, j=interpreted, Vv=VM code, C=native code)


---------------  P R O C E S S  ---------------

Java Threads: ( => current thread )

Other Threads:

=>0x00000000027c2800 (exited) JavaThread "Unknown thread" [_thread_in_vm, id=8776, stack(0x00000000026b0000,0x00000000027b0000)]

VM state:not at safepoint (normal execution)

VM Mutex/Monitor currently owned by a thread: None

heap address: 0x0000000082800000, size: 2008 MB, Compressed Oops mode: 32-bit
Narrow klass base: 0x0000000000000000, Narrow klass shift: 3
Compressed class space size: 1073741824 Address: 0x0000000100000000

Heap:
 PSYoungGen      total 37888K, used 655K [0x00000000d6300000, 0x00000000d8d00000, 0x0000000100000000)
  eden space 32768K, 2% used [0x00000000d6300000,0x00000000d63a3d80,0x00000000d8300000)
  from space 5120K, 0% used [0x00000000d8800000,0x00000000d8800000,0x00000000d8d00000)
  to   space 5120K, 0% used [0x00000000d8300000,0x00000000d8300000,0x00000000d8800000)
 ParOldGen       total 86016K, used 0K [0x0000000082800000, 0x0000000087c00000, 0x00000000d6300000)
  object space 86016K, 0% used [0x0000000082800000,0x0000000082800000,0x0000000087c00000)
 Metaspace       used 776K, capacity 4480K, committed 4480K, reserved 1056768K
  class space    used 76K, capacity 384K, committed 384K, reserved 1048576K

Card table byte_map: [0x0000000011c80000,0x0000000012070000] byte_map_base: 0x000000001186c000

Marking Bits: (ParMarkBitMap*) 0x0000000076295ce0
 Begin Bits: [0x0000000012710000, 0x0000000014670000)
 End Bits:   [0x0000000014670000, 0x00000000165d0000)

Polling page: 0x0000000002540000

CodeCache: size=245760Kb used=328Kb max_used=328Kb free=245431Kb
 bounds [0x00000000028c0000, 0x0000000002b30000, 0x00000000118c0000]
 total_blobs=58 nmethods=0 adapters=38
 compilation: enabled

Compilation events (0 events):
No events

GC Heap History (0 events):
No events

Deoptimization events (0 events):
No events

Classes redefined (0 events):
No events

Internal exceptions (0 events):
No events

Events (10 events):
Event: 0.023 loading class java/lang/Short
Event: 0.023 loading class java/lang/Short done
Event: 0.023 loading class java/lang/Integer
Event: 0.023 loading class java/lang/Integer done
Event: 0.023 loading class java/lang/Long
Event: 0.023 loading class java/lang/Long done
Event: 0.024 loading class java/lang/NullPointerException
Event: 0.024 loading class java/lang/NullPointerException done
Event: 0.024 loading class java/lang/ArithmeticException
Event: 0.024 loading class java/lang/ArithmeticException done


Dynamic libraries:
0x00007ff6d5870000 - 0x00007ff6d58a7000 	C:\Program Files\Java\jdk1.8.0_221\jre\bin\java.exe
0x00007ff954700000 - 0x00007ff9548ed000 	C:\Windows\SYSTEM32\ntdll.dll
0x00007ff954320000 - 0x00007ff9543d3000 	C:\Windows\System32\KERNEL32.DLL
0x00007ff950cb0000 - 0x00007ff950f43000 	C:\Windows\System32\KERNELBASE.dll
0x00007ff9520d0000 - 0x00007ff952173000 	C:\Windows\System32\ADVAPI32.dll
0x00007ff952240000 - 0x00007ff9522de000 	C:\Windows\System32\msvcrt.dll
0x00007ff952660000 - 0x00007ff9526fe000 	C:\Windows\System32\sechost.dll
0x00007ff9522e0000 - 0x00007ff952402000 	C:\Windows\System32\RPCRT4.dll
0x00007ff952420000 - 0x00007ff9525b7000 	C:\Windows\System32\USER32.dll
0x00007ff9507c0000 - 0x00007ff9507e0000 	C:\Windows\System32\win32u.dll
0x00007ff954540000 - 0x00007ff954569000 	C:\Windows\System32\GDI32.dll
0x00007ff950970000 - 0x00007ff950b09000 	C:\Windows\System32\gdi32full.dll
0x00007ff950b10000 - 0x00007ff950bb0000 	C:\Windows\System32\msvcp_win.dll
0x00007ff950bb0000 - 0x00007ff950caa000 	C:\Windows\System32\ucrtbase.dll
0x00007ff93a710000 - 0x00007ff93a989000 	C:\Windows\WinSxS\amd64_microsoft.windows.common-controls_6595b64144ccf1df_6.0.17763.973_none_05b245900721eb81\COMCTL32.dll
0x00007ff953d50000 - 0x00007ff95407c000 	C:\Windows\System32\combase.dll
0x00007ff950890000 - 0x00007ff95090e000 	C:\Windows\System32\bcryptPrimitives.dll
0x00007ff9545f0000 - 0x00007ff95461e000 	C:\Windows\System32\IMM32.DLL
0x0000000075990000 - 0x0000000075a62000 	C:\Program Files\Java\jdk1.8.0_221\jre\bin\msvcr100.dll
0x0000000075a70000 - 0x0000000076315000 	C:\Program Files\Java\jdk1.8.0_221\jre\bin\server\jvm.dll
0x00007ff952410000 - 0x00007ff952418000 	C:\Windows\System32\PSAPI.DLL
0x00007ff945c50000 - 0x00007ff945c59000 	C:\Windows\SYSTEM32\WSOCK32.dll
0x00007ff94c490000 - 0x00007ff94c4b4000 	C:\Windows\SYSTEM32\WINMM.dll
0x00007ff952060000 - 0x00007ff9520cd000 	C:\Windows\System32\WS2_32.dll
0x00007ff94c830000 - 0x00007ff94c83a000 	C:\Windows\SYSTEM32\VERSION.dll
0x00007ff94c460000 - 0x00007ff94c48d000 	C:\Windows\SYSTEM32\winmmbase.dll
0x00007ff950f80000 - 0x00007ff950fca000 	C:\Windows\System32\cfgmgr32.dll
0x00007ff945bc0000 - 0x00007ff945bcf000 	C:\Program Files\Java\jdk1.8.0_221\jre\bin\verify.dll
0x00007ff92a340000 - 0x00007ff92a369000 	C:\Program Files\Java\jdk1.8.0_221\jre\bin\java.dll
0x00007ff92e9d0000 - 0x00007ff92e9e6000 	C:\Program Files\Java\jdk1.8.0_221\jre\bin\zip.dll

VM Arguments:
java_command: D:\OneDrive - IZI Cloud\FPT\Sem04\7_Project\HTDShop\HTDShop\HTDShop\HTDShop-web\target\surefire\surefirebooter3546706830216985603.jar D:\OneDrive - IZI Cloud\FPT\Sem04\7_Project\HTDShop\HTDShop\HTDShop\HTDShop-web\target\surefire\surefire8182319484009181206tmp D:\OneDrive - IZI Cloud\FPT\Sem04\7_Project\HTDShop\HTDShop\HTDShop\HTDShop-web\target\surefire\surefire7719044486662741tmp
java_class_path (initial): D:\OneDrive - IZI Cloud\FPT\Sem04\7_Project\HTDShop\HTDShop\HTDShop\HTDShop-web\target\surefire\surefirebooter3546706830216985603.jar
Launcher Type: SUN_STANDARD

Environment Variables:
JAVA_HOME=C:\Program Files\Java\jdk1.8.0_221
PATH=C:\Python27\;C:\Python27\Scripts;C:\Program Files (x86)\Common Files\Oracle\Java\javapath;C:\Windows\system32;C:\Windows;C:\Windows\System32\Wbem;C:\Windows\System32\WindowsPowerShell\v1.0\;C:\Windows\System32\OpenSSH\;C:\Program Files\dotnet\;C:\Program Files\Microsoft SQL Server\130\Tools\Binn\;C:\Program Files\Microsoft SQL Server\Client SDK\ODBC\170\Tools\Binn\;C:\Program Files\Microsoft SQL Server\Client SDK\ODBC\130\Tools\Binn\;C:\Program Files (x86)\Microsoft SQL Server\140\Tools\Binn\;C:\Program Files\Microsoft SQL Server\140\Tools\Binn\;C:\Program Files\Microsoft SQL Server\140\DTS\Binn\;C:\Program Files (x86)\Microsoft SQL Server\150\DTS\Binn\;C:\Program Files (x86)\Intel\Intel(R) Management Engine Components\DAL;C:\Program Files\Intel\Intel(R) Management Engine Components\DAL;C:\Program Files\nodejs\;C:\ProgramData\chocolatey\bin;D:\xampp\php;C:\ProgramData\ComposerSetup\bin;C:\apache-maven-3.6.3\bin;C:\Users\Thien\AppData\Local\Microsoft\WindowsApps;C:\Users\Thien\AppData\Local\Programs\Microsoft VS Code\bin;C:\Users\Thien\AppData\Local\GitHubDesktop\bin;C:\Users\Thien\AppData\Roaming\npm;C:\Users\Thien\AppData\Roaming\Composer\vendor\bin
USERNAME=Thien
OS=Windows_NT
PROCESSOR_IDENTIFIER=Intel64 Family 6 Model 78 Stepping 3, GenuineIntel



---------------  S Y S T E M  ---------------

OS: Windows 10.0 , 64 bit Build 17763 (10.0.17763.475)

CPU:total 4 (initial active 4) (2 cores per cpu, 2 threads per core) family 6 model 78 stepping 3, cmov, cx8, fxsr, mmx, sse, sse2, sse3, ssse3, sse4.1, sse4.2, popcnt, avx, avx2, aes, clmul, erms, 3dnowpref, lzcnt, ht, tsc, tscinvbit, bmi1, bmi2, adx

Memory: 4k page, physical 8221752k(648880k free), swap 12317752k(5280k free)

vm_info: Java HotSpot(TM) 64-Bit Server VM (25.221-b11) for windows-amd64 JRE (1.8.0_221-b11), built on Jul  4 2019 04:39:29 by "java_re" with MS VC++ 10.0 (VS2010)

time: Fri Feb 07 13:38:35 2020
timezone: SE Asia Standard Time
elapsed time: 0 seconds (0d 0h 0m 0s)

